<?xml version="1.0" encoding="UTF-8"?>
<testng-results skipped="0" failed="0" total="3" passed="3">
  <reporter-output>
  </reporter-output>
  <suite name="Suite" duration-ms="82" started-at="2020-08-30T14:46:23Z" finished-at="2020-08-30T14:46:23Z">
    <groups>
    </groups>
    <test name="Test" duration-ms="82" started-at="2020-08-30T14:46:23Z" finished-at="2020-08-30T14:46:23Z">
      <class name="SampleTests.Sample3">
        <test-method status="PASS" signature="print()[pri:0, instance:SampleTests.Sample3@c540f5a]" name="print" duration-ms="45" started-at="2020-08-30T20:16:23Z" finished-at="2020-08-30T20:16:23Z">
          <reporter-output>
          </reporter-output>
        </test-method> <!-- print -->
      </class> <!-- SampleTests.Sample3 -->
      <class name="SampleTests.Sample1">
        <test-method status="PASS" signature="print()[pri:0, instance:SampleTests.Sample1@7bb58ca3]" name="print" duration-ms="3" started-at="2020-08-30T20:16:23Z" finished-at="2020-08-30T20:16:23Z">
          <reporter-output>
          </reporter-output>
        </test-method> <!-- print -->
      </class> <!-- SampleTests.Sample1 -->
      <class name="SampleTests.Sample2">
        <test-method status="PASS" signature="print()[pri:0, instance:SampleTests.Sample2@6b53e23f]" name="print" duration-ms="3" started-at="2020-08-30T20:16:23Z" finished-at="2020-08-30T20:16:23Z">
          <reporter-output>
          </reporter-output>
        </test-method> <!-- print -->
      </class> <!-- SampleTests.Sample2 -->
    </test> <!-- Test -->
  </suite> <!-- Suite -->
</testng-results>
