<?xml version="1.0" encoding="UTF-8"?>
<testng-results skipped="0" failed="0" total="3" passed="3">
  <reporter-output>
  </reporter-output>
  <suite name="Test-class Suite" duration-ms="77" started-at="2020-08-30T15:22:14Z" finished-at="2020-08-30T15:22:14Z">
    <groups>
    </groups>
    <test name="Test" duration-ms="77" started-at="2020-08-30T15:22:14Z" finished-at="2020-08-30T15:22:14Z">
      <class name="SampleTests.Sample3">
        <test-method status="PASS" signature="print()[pri:0, instance:SampleTests.Sample3@c540f5a]" name="print" duration-ms="20" started-at="2020-08-30T20:52:14Z" finished-at="2020-08-30T20:52:14Z">
          <reporter-output>
          </reporter-output>
        </test-method> <!-- print -->
      </class> <!-- SampleTests.Sample3 -->
      <class name="SampleTests.Sample1">
        <test-method status="PASS" signature="print()[pri:0, instance:SampleTests.Sample1@7bb58ca3]" name="print" duration-ms="20" started-at="2020-08-30T20:52:14Z" finished-at="2020-08-30T20:52:14Z">
          <reporter-output>
          </reporter-output>
        </test-method> <!-- print -->
      </class> <!-- SampleTests.Sample1 -->
      <class name="SampleTests.Sample2">
        <test-method status="PASS" signature="print()[pri:0, instance:SampleTests.Sample2@6b53e23f]" name="print" duration-ms="4" started-at="2020-08-30T20:52:14Z" finished-at="2020-08-30T20:52:14Z">
          <reporter-output>
          </reporter-output>
        </test-method> <!-- print -->
      </class> <!-- SampleTests.Sample2 -->
    </test> <!-- Test -->
  </suite> <!-- Test-class Suite -->
</testng-results>
